[2026-02-16T14:50:02.537Z] Contact API Error: [
  {
    "origin": "string",
    "code": "too_small",
    "minimum": 5,
    "inclusive": true,
    "path": [
      "message"
    ],
    "message": "Message must be at least 5 characters"
  }
]
Stack: ZodError: [
  {
    "origin": "string",
    "code": "too_small",
    "minimum": 5,
    "inclusive": true,
    "path": [
      "message"
    ],
    "message": "Message must be at least 5 characters"
  }
]
    at POST (Z:\CoreNex innovation\website\.next\dev\server\chunks\[root-of-the-server]__0b25c084._.js:361:164)
    at process.processTicksAndRejections (node:internal/process/task_queues:103:5)
    at async AppRouteRouteModule.do (Z:\CoreNex innovation\website\node_modules\next\dist\compiled\next-server\app-route-turbo.runtime.dev.js:5:37866)
    at async AppRouteRouteModule.handle (Z:\CoreNex innovation\website\node_modules\next\dist\compiled\next-server\app-route-turbo.runtime.dev.js:5:45156)
    at async responseGenerator (Z:\CoreNex innovation\website\.next\dev\server\chunks\node_modules_next_0af862ed._.js:15344:38)
    at async AppRouteRouteModule.handleResponse (Z:\CoreNex innovation\website\node_modules\next\dist\compiled\next-server\app-route-turbo.runtime.dev.js:1:191938)
    at async handleResponse (Z:\CoreNex innovation\website\.next\dev\server\chunks\node_modules_next_0af862ed._.js:15407:32)
    at async Module.handler (Z:\CoreNex innovation\website\.next\dev\server\chunks\node_modules_next_0af862ed._.js:15460:13)
    at async DevServer.renderToResponseWithComponentsImpl (Z:\CoreNex innovation\website\node_modules\next\dist\server\base-server.js:1442:9)
    at async DevServer.renderPageComponent (Z:\CoreNex innovation\website\node_modules\next\dist\server\base-server.js:1494:24)
    at async DevServer.renderToResponseImpl (Z:\CoreNex innovation\website\node_modules\next\dist\server\base-server.js:1544:32)
    at async DevServer.pipeImpl (Z:\CoreNex innovation\website\node_modules\next\dist\server\base-server.js:1038:25)
    at async NextNodeServer.handleCatchallRenderRequest (Z:\CoreNex innovation\website\node_modules\next\dist\server\next-server.js:395:17)
    at async DevServer.handleRequestImpl (Z:\CoreNex innovation\website\node_modules\next\dist\server\base-server.js:929:17)
    at async Z:\CoreNex innovation\website\node_modules\next\dist\server\dev\next-dev-server.js:387:20
    at async Span.traceAsyncFn (Z:\CoreNex innovation\website\node_modules\next\dist\trace\trace.js:157:20)
    at async DevServer.handleRequest (Z:\CoreNex innovation\website\node_modules\next\dist\server\dev\next-dev-server.js:383:24)
    at async invokeRender (Z:\CoreNex innovation\website\node_modules\next\dist\server\lib\router-server.js:248:21)
    at async handleRequest (Z:\CoreNex innovation\website\node_modules\next\dist\server\lib\router-server.js:447:24)
    at async requestHandlerImpl (Z:\CoreNex innovation\website\node_modules\next\dist\server\lib\router-server.js:496:13)
    at async Server.requestListener (Z:\CoreNex innovation\website\node_modules\next\dist\server\lib\start-server.js:226:13)

